app/build/outputs/logs/manifest-merger-debug-report.txt
-- Merging decision tree log ---
manifest
ADDED from src\main\AndroidManifest.xml:2:1-441:12
	package
		ADDED from src\main\AndroidManifest.xml:3:5-37
		INJECTED from src\main\AndroidManifest.xml
		INJECTED from src\main\AndroidManifest.xml
	android:versionName
		ADDED from src\main\AndroidManifest.xml:5:5-30
		INJECTED from src\main\AndroidManifest.xml
		INJECTED from src\main\AndroidManifest.xml
	android:versionCode
		ADDED from src\main\AndroidManifest.xml:4:5-28
		INJECTED from src\main\AndroidManifest.xml
		INJECTED from src\main\AndroidManifest.xml
	xmlns:android
		ADDED from src\main\AndroidManifest.xml:2:11-69
uses-sdk
ADDED from src\main\AndroidManifest.xml:7:5-9:41
MERGED from [com.google.android.gms:play-services-appindexing:8.1.0] AndroidManifest.xml:18:5-42
MERGED from [com.google.android.gms:play-services-basement:8.1.0] AndroidManifest.xml:18:5-42
MERGED from [com.android.support:support-v4:22.2.0] AndroidManifest.xml:20:5-43
MERGED from [com.jakewharton:butterknife:8.0.1] AndroidManifest.xml:5:5-43
	android:targetSdkVersion
		ADDED from src\main\AndroidManifest.xml:9:9-38
		INJECTED from src\main\AndroidManifest.xml
		INJECTED from src\main\AndroidManifest.xml
	android:minSdkVersion
		ADDED from src\main\AndroidManifest.xml:8:9-34
		INJECTED from src\main\AndroidManifest.xml
		INJECTED from src\main\AndroidManifest.xml
application
ADDED from src\main\AndroidManifest.xml:11:5-388:19
MERGED from [com.google.android.gms:play-services-appindexing:8.1.0] AndroidManifest.xml:19:5-20
MERGED from [com.google.android.gms:play-services-basement:8.1.0] AndroidManifest.xml:20:5-24:19
MERGED from [com.android.support:support-v4:22.2.0] AndroidManifest.xml:22:5-20
	android:label
		ADDED from src\main\AndroidManifest.xml:15:9-41
	android:allowBackup
		ADDED from src\main\AndroidManifest.xml:13:9-35
	android:icon
		ADDED from src\main\AndroidManifest.xml:14:9-39
	android:theme
		ADDED from src\main\AndroidManifest.xml:16:9-40
	android:name
		ADDED from src\main\AndroidManifest.xml:12:9-42
activity#com.example.sjqcjstock.Activity.WelcomeActivity
ADDED from src\main\AndroidManifest.xml:18:9-32:20
	android:screenOrientation
		ADDED from src\main\AndroidManifest.xml:21:13-49
	android:label
		ADDED from src\main\AndroidManifest.xml:20:13-45
	android:name
		ADDED from src\main\AndroidManifest.xml:19:13-53
intent-filter#android.intent.action.MAIN+android.intent.category.LAUNCHER
ADDED from src\main\AndroidManifest.xml:22:13-25:29
action#android.intent.action.MAIN
ADDED from src\main\AndroidManifest.xml:23:17-69
	android:name
		ADDED from src\main\AndroidManifest.xml:23:25-66
category#android.intent.category.LAUNCHER
ADDED from src\main\AndroidManifest.xml:24:17-77
	android:name
		ADDED from src\main\AndroidManifest.xml:24:27-74
intent-filter#android.intent.action.VIEW+android.intent.category.BROWSABLE+android.intent.category.DEFAULT
ADDED from src\main\AndroidManifest.xml:26:13-31:29
action#android.intent.action.VIEW
ADDED from src\main\AndroidManifest.xml:27:17-69
	android:name
		ADDED from src\main\AndroidManifest.xml:27:25-66
category#android.intent.category.DEFAULT
ADDED from src\main\AndroidManifest.xml:28:17-76
	android:name
		ADDED from src\main\AndroidManifest.xml:28:27-73
category#android.intent.category.BROWSABLE
ADDED from src\main\AndroidManifest.xml:29:17-78
	android:name
		ADDED from src\main\AndroidManifest.xml:29:27-75
data
ADDED from src\main\AndroidManifest.xml:30:17-76
	android:host
		ADDED from src\main\AndroidManifest.xml:30:23-44
	android:scheme
		ADDED from src\main\AndroidManifest.xml:30:45-73
activity#com.example.sjqcjstock.Activity.loginActivity
ADDED from src\main\AndroidManifest.xml:33:9-36:52
	android:screenOrientation
		ADDED from src\main\AndroidManifest.xml:36:13-49
	android:label
		ADDED from src\main\AndroidManifest.xml:35:13-45
	android:name
		ADDED from src\main\AndroidManifest.xml:34:13-51
activity#com.tencent.connect.common.AssistActivity
ADDED from src\main\AndroidManifest.xml:39:9-43:75
	android:screenOrientation
		ADDED from src\main\AndroidManifest.xml:42:13-49
	android:configChanges
		ADDED from src\main\AndroidManifest.xml:41:13-63
	android:theme
		ADDED from src\main\AndroidManifest.xml:43:13-72
	android:name
		ADDED from src\main\AndroidManifest.xml:40:13-69
activity#com.tencent.tauth.AuthActivity
ADDED from src\main\AndroidManifest.xml:46:9-57:20
	android:launchMode
		ADDED from src\main\AndroidManifest.xml:48:13-44
	android:noHistory
		ADDED from src\main\AndroidManifest.xml:49:13-37
	android:name
		ADDED from src\main\AndroidManifest.xml:47:13-58
activity#com.example.sjqcjstock.wxapi.WXEntryActivity
ADDED from src\main\AndroidManifest.xml:61:9-64:36
	android:label
		ADDED from src\main\AndroidManifest.xml:64:13-33
	android:exported
		ADDED from src\main\AndroidManifest.xml:63:13-36
	android:name
		ADDED from src\main\AndroidManifest.xml:62:13-50
activity#com.example.sjqcjstock.wxapi.WXPayEntryActivity
ADDED from src\main\AndroidManifest.xml:65:9-68:36
	android:label
		ADDED from src\main\AndroidManifest.xml:68:13-33
	android:exported
		ADDED from src\main\AndroidManifest.xml:67:13-36
	android:name
		ADDED from src\main\AndroidManifest.xml:66:13-53
activity#com.example.sjqcjstock.Activity.MainActivity
ADDED from src\main\AndroidManifest.xml:69:9-71:35
	android:label
		ADDED from src\main\AndroidManifest.xml:71:13-32
	android:name
		ADDED from src\main\AndroidManifest.xml:70:13-50
activity#com.example.sjqcjstock.Activity.MainTab
ADDED from src\main\AndroidManifest.xml:72:9-74:35
	android:label
		ADDED from src\main\AndroidManifest.xml:74:13-32
	android:name
		ADDED from src\main\AndroidManifest.xml:73:13-45
activity#com.example.sjqcjstock.Activity.RegisterActivity
ADDED from src\main\AndroidManifest.xml:75:9-77:36
	android:label
		ADDED from src\main\AndroidManifest.xml:77:13-33
	android:name
		ADDED from src\main\AndroidManifest.xml:76:13-54
activity#com.example.sjqcjstock.Activity.EssenceListActivty
ADDED from src\main\AndroidManifest.xml:78:9-80:39
	android:label
		ADDED from src\main\AndroidManifest.xml:80:13-36
	android:name
		ADDED from src\main\AndroidManifest.xml:79:13-56
activity#com.example.sjqcjstock.Activity.hotstocklistActivity
ADDED from src\main\AndroidManifest.xml:81:9-83:39
	android:label
		ADDED from src\main\AndroidManifest.xml:83:13-36
	android:name
		ADDED from src\main\AndroidManifest.xml:82:13-58
activity#com.example.sjqcjstock.Activity.supermanlistActivity
ADDED from src\main\AndroidManifest.xml:84:9-86:38
	android:label
		ADDED from src\main\AndroidManifest.xml:86:13-35
	android:name
		ADDED from src\main\AndroidManifest.xml:85:13-58
activity#com.example.sjqcjstock.Activity.topnotelistActivity
ADDED from src\main\AndroidManifest.xml:87:9-89:39
	android:label
		ADDED from src\main\AndroidManifest.xml:89:13-36
	android:name
		ADDED from src\main\AndroidManifest.xml:88:13-57
activity#com.example.sjqcjstock.Activity.forumsearchActivity
ADDED from src\main\AndroidManifest.xml:90:9-92:38
	android:label
		ADDED from src\main\AndroidManifest.xml:92:13-35
	android:name
		ADDED from src\main\AndroidManifest.xml:91:13-57
activity#com.example.sjqcjstock.Activity.addnoteActivity
ADDED from src\main\AndroidManifest.xml:93:9-95:36
	android:label
		ADDED from src\main\AndroidManifest.xml:95:13-33
	android:name
		ADDED from src\main\AndroidManifest.xml:94:13-53
activity#com.example.sjqcjstock.Activity.personalletterActivity
ADDED from src\main\AndroidManifest.xml:96:9-99:71
	android:label
		ADDED from src\main\AndroidManifest.xml:98:13-34
	android:windowSoftInputMode
		ADDED from src\main\AndroidManifest.xml:99:13-68
	android:name
		ADDED from src\main\AndroidManifest.xml:97:13-60
activity#com.example.sjqcjstock.Activity.userinfoeditActivity
ADDED from src\main\AndroidManifest.xml:100:9-102:40
	android:label
		ADDED from src\main\AndroidManifest.xml:102:13-37
	android:name
		ADDED from src\main\AndroidManifest.xml:101:13-58
activity#com.example.sjqcjstock.Activity.mynoteslistActivity
ADDED from src\main\AndroidManifest.xml:103:9-105:39
	android:label
		ADDED from src\main\AndroidManifest.xml:105:13-36
	android:name
		ADDED from src\main\AndroidManifest.xml:104:13-57
activity#com.example.sjqcjstock.Activity.selfselectstocklistActivity
ADDED from src\main\AndroidManifest.xml:106:9-108:40
	android:label
		ADDED from src\main\AndroidManifest.xml:108:13-37
	android:name
		ADDED from src\main\AndroidManifest.xml:107:13-65
activity#com.example.sjqcjstock.Activity.combinationlistActivity
ADDED from src\main\AndroidManifest.xml:109:9-111:40
	android:label
		ADDED from src\main\AndroidManifest.xml:111:13-37
	android:name
		ADDED from src\main\AndroidManifest.xml:110:13-61
activity#com.example.sjqcjstock.Activity.mycollectActivity
ADDED from src\main\AndroidManifest.xml:112:9-114:38
	android:label
		ADDED from src\main\AndroidManifest.xml:114:13-35
	android:name
		ADDED from src\main\AndroidManifest.xml:113:13-55
activity#com.example.sjqcjstock.Activity.mysubscribeActivity
ADDED from src\main\AndroidManifest.xml:115:9-117:38
	android:label
		ADDED from src\main\AndroidManifest.xml:117:13-35
	android:name
		ADDED from src\main\AndroidManifest.xml:116:13-57
activity#com.example.sjqcjstock.Activity.informdetailActivity
ADDED from src\main\AndroidManifest.xml:118:9-120:38
	android:label
		ADDED from src\main\AndroidManifest.xml:120:13-35
	android:name
		ADDED from src\main\AndroidManifest.xml:119:13-58
activity#com.example.sjqcjstock.Activity.usersettingActivity
ADDED from src\main\AndroidManifest.xml:121:9-123:40
	android:label
		ADDED from src\main\AndroidManifest.xml:123:13-37
	android:name
		ADDED from src\main\AndroidManifest.xml:122:13-57
activity#com.example.sjqcjstock.Activity.aboutmyActivityNew
ADDED from src\main\AndroidManifest.xml:124:9-126:39
	android:label
		ADDED from src\main\AndroidManifest.xml:126:13-36
	android:name
		ADDED from src\main\AndroidManifest.xml:125:13-56
activity#com.example.sjqcjstock.Activity.modifypasswordActivity
ADDED from src\main\AndroidManifest.xml:127:9-129:39
	android:label
		ADDED from src\main\AndroidManifest.xml:129:13-36
	android:name
		ADDED from src\main\AndroidManifest.xml:128:13-60
activity#com.example.sjqcjstock.Activity.accountboundActivity
ADDED from src\main\AndroidManifest.xml:130:9-132:39
	android:label
		ADDED from src\main\AndroidManifest.xml:132:13-36
	android:name
		ADDED from src\main\AndroidManifest.xml:131:13-58
activity#com.example.sjqcjstock.Activity.recivecommentActivity
ADDED from src\main\AndroidManifest.xml:139:9-141:39
	android:label
		ADDED from src\main\AndroidManifest.xml:141:13-36
	android:name
		ADDED from src\main\AndroidManifest.xml:140:13-59
activity#com.example.sjqcjstock.Activity.sendedcommentActivity
ADDED from src\main\AndroidManifest.xml:142:9-144:39
	android:label
		ADDED from src\main\AndroidManifest.xml:144:13-36
	android:name
		ADDED from src\main\AndroidManifest.xml:143:13-59
activity#com.example.sjqcjstock.Activity.addcommentweiboActivity
ADDED from src\main\AndroidManifest.xml:145:9-148:71
	android:label
		ADDED from src\main\AndroidManifest.xml:147:13-36
	android:windowSoftInputMode
		ADDED from src\main\AndroidManifest.xml:148:13-68
	android:name
		ADDED from src\main\AndroidManifest.xml:146:13-61
activity#com.example.sjqcjstock.Activity.atmeActivity
ADDED from src\main\AndroidManifest.xml:149:9-151:41
	android:label
		ADDED from src\main\AndroidManifest.xml:151:13-38
	android:name
		ADDED from src\main\AndroidManifest.xml:150:13-50
activity#com.example.sjqcjstock.Activity.personalnewsActivity
ADDED from src\main\AndroidManifest.xml:152:9-154:39
	android:label
		ADDED from src\main\AndroidManifest.xml:154:13-36
	android:name
		ADDED from src\main\AndroidManifest.xml:153:13-58
activity#com.example.sjqcjstock.Activity.commentshortweiboActivity
ADDED from src\main\AndroidManifest.xml:155:9-158:71
	android:label
		ADDED from src\main\AndroidManifest.xml:157:13-36
	android:windowSoftInputMode
		ADDED from src\main\AndroidManifest.xml:158:13-68
	android:name
		ADDED from src\main\AndroidManifest.xml:156:13-63
activity#com.example.sjqcjstock.Activity.commentlongweiboActivity
ADDED from src\main\AndroidManifest.xml:159:9-162:71
	android:label
		ADDED from src\main\AndroidManifest.xml:161:13-36
	android:windowSoftInputMode
		ADDED from src\main\AndroidManifest.xml:162:13-68
	android:name
		ADDED from src\main\AndroidManifest.xml:160:13-62
activity#com.example.sjqcjstock.Activity.commentrewardweiboActivity
ADDED from src\main\AndroidManifest.xml:163:9-166:71
	android:label
		ADDED from src\main\AndroidManifest.xml:165:13-37
	android:windowSoftInputMode
		ADDED from src\main\AndroidManifest.xml:166:13-68
	android:name
		ADDED from src\main\AndroidManifest.xml:164:13-64
activity#com.example.sjqcjstock.Activity.addreplycommentweiboActivity
ADDED from src\main\AndroidManifest.xml:167:9-170:71
	android:label
		ADDED from src\main\AndroidManifest.xml:169:13-36
	android:windowSoftInputMode
		ADDED from src\main\AndroidManifest.xml:170:13-68
	android:name
		ADDED from src\main\AndroidManifest.xml:168:13-66
activity#com.example.sjqcjstock.Activity.transpondweiboActivity
ADDED from src\main\AndroidManifest.xml:171:9-174:71
	android:label
		ADDED from src\main\AndroidManifest.xml:173:13-36
	android:windowSoftInputMode
		ADDED from src\main\AndroidManifest.xml:174:13-68
	android:name
		ADDED from src\main\AndroidManifest.xml:172:13-60
activity#com.example.sjqcjstock.Activity.myattentionlistActivity
ADDED from src\main\AndroidManifest.xml:175:9-177:41
	android:label
		ADDED from src\main\AndroidManifest.xml:177:13-38
	android:name
		ADDED from src\main\AndroidManifest.xml:176:13-61
activity#com.example.sjqcjstock.Activity.myfansActivity
ADDED from src\main\AndroidManifest.xml:178:9-180:34
	android:label
		ADDED from src\main\AndroidManifest.xml:180:13-31
	android:name
		ADDED from src\main\AndroidManifest.xml:179:13-52
activity#com.example.sjqcjstock.Activity.selectstockmatchActivity
ADDED from src\main\AndroidManifest.xml:181:9-183:38
	android:label
		ADDED from src\main\AndroidManifest.xml:183:13-35
	android:name
		ADDED from src\main\AndroidManifest.xml:182:13-62
activity#com.example.sjqcjstock.Activity.stockmatchreportActivity
ADDED from src\main\AndroidManifest.xml:184:9-186:38
	android:label
		ADDED from src\main\AndroidManifest.xml:186:13-35
	android:name
		ADDED from src\main\AndroidManifest.xml:185:13-62
activity#com.example.sjqcjstock.Activity.forumnotedetailActivity
ADDED from src\main\AndroidManifest.xml:187:9-189:35
	android:label
		ADDED from src\main\AndroidManifest.xml:189:13-32
	android:name
		ADDED from src\main\AndroidManifest.xml:188:13-61
activity#com.example.sjqcjstock.Activity.essencematchActivity
ADDED from src\main\AndroidManifest.xml:190:9-192:42
	android:label
		ADDED from src\main\AndroidManifest.xml:192:13-39
	android:name
		ADDED from src\main\AndroidManifest.xml:191:13-58
activity#com.example.sjqcjstock.Activity.famousmatchActivity
ADDED from src\main\AndroidManifest.xml:193:9-195:42
	android:label
		ADDED from src\main\AndroidManifest.xml:195:13-39
	android:name
		ADDED from src\main\AndroidManifest.xml:194:13-57
activity#com.example.sjqcjstock.Activity.IwillselectstockActivity
ADDED from src\main\AndroidManifest.xml:196:9-198:38
	android:label
		ADDED from src\main\AndroidManifest.xml:198:13-35
	android:name
		ADDED from src\main\AndroidManifest.xml:197:13-62
activity#com.example.sjqcjstock.Activity.personalnewsdetail
ADDED from src\main\AndroidManifest.xml:200:9-203:75
	android:label
		ADDED from src\main\AndroidManifest.xml:202:13-35
	android:windowSoftInputMode
		ADDED from src\main\AndroidManifest.xml:203:13-72
	android:name
		ADDED from src\main\AndroidManifest.xml:201:13-56
activity#com.example.sjqcjstock.Activity.gwzhmatchActivity
ADDED from src\main\AndroidManifest.xml:204:9-206:38
	android:label
		ADDED from src\main\AndroidManifest.xml:206:13-35
	android:name
		ADDED from src\main\AndroidManifest.xml:205:13-55
activity#com.example.sjqcjstock.Activity.atfriendActivity
ADDED from src\main\AndroidManifest.xml:207:9-209:39
	android:label
		ADDED from src\main\AndroidManifest.xml:209:13-36
	android:name
		ADDED from src\main\AndroidManifest.xml:208:13-54
activity#com.example.sjqcjstock.Activity.discussareaActivity
ADDED from src\main\AndroidManifest.xml:210:9-212:38
	android:label
		ADDED from src\main\AndroidManifest.xml:212:13-35
	android:name
		ADDED from src\main\AndroidManifest.xml:211:13-57
activity#com.example.sjqcjstock.Activity.match.totalessencerankinglistActivity
ADDED from src\main\AndroidManifest.xml:213:9-215:39
	android:label
		ADDED from src\main\AndroidManifest.xml:215:13-36
	android:name
		ADDED from src\main\AndroidManifest.xml:214:13-75
activity#com.example.sjqcjstock.Activity.match.essenceweekrankingActivity
ADDED from src\main\AndroidManifest.xml:216:9-218:39
	android:label
		ADDED from src\main\AndroidManifest.xml:218:13-36
	android:name
		ADDED from src\main\AndroidManifest.xml:217:13-70
activity#com.example.sjqcjstock.Activity.match.famousweekrankingActivity
ADDED from src\main\AndroidManifest.xml:219:9-221:39
	android:label
		ADDED from src\main\AndroidManifest.xml:221:13-36
	android:name
		ADDED from src\main\AndroidManifest.xml:220:13-69
activity#com.example.sjqcjstock.Activity.userinfoeditActivitynew
ADDED from src\main\AndroidManifest.xml:222:9-224:39
	android:label
		ADDED from src\main\AndroidManifest.xml:224:13-36
	android:name
		ADDED from src\main\AndroidManifest.xml:223:13-61
activity#com.example.sjqcjstock.Activity.edituser.edituserinfousernameActivity
ADDED from src\main\AndroidManifest.xml:225:9-227:39
	android:label
		ADDED from src\main\AndroidManifest.xml:227:13-36
	android:name
		ADDED from src\main\AndroidManifest.xml:226:13-75
activity#com.example.sjqcjstock.Activity.edituser.edituserinfouserintroActivity
ADDED from src\main\AndroidManifest.xml:228:9-230:39
	android:label
		ADDED from src\main\AndroidManifest.xml:230:13-36
	android:name
		ADDED from src\main\AndroidManifest.xml:229:13-76
activity#com.example.sjqcjstock.Activity.todaybullsrankingActivity
ADDED from src\main\AndroidManifest.xml:231:9-233:40
	android:label
		ADDED from src\main\AndroidManifest.xml:233:13-37
	android:name
		ADDED from src\main\AndroidManifest.xml:232:13-63
activity#com.example.sjqcjstock.Activity.weekbullsrankingActivity
ADDED from src\main\AndroidManifest.xml:234:9-236:40
	android:label
		ADDED from src\main\AndroidManifest.xml:236:13-37
	android:name
		ADDED from src\main\AndroidManifest.xml:235:13-62
activity#com.example.sjqcjstock.Activity.totalrankingnewActivity
ADDED from src\main\AndroidManifest.xml:237:9-239:39
	android:label
		ADDED from src\main\AndroidManifest.xml:239:13-36
	android:name
		ADDED from src\main\AndroidManifest.xml:238:13-61
activity#com.example.sjqcjstock.Activity.weekrankingnewActivity
ADDED from src\main\AndroidManifest.xml:240:9-242:39
	android:label
		ADDED from src\main\AndroidManifest.xml:242:13-36
	android:name
		ADDED from src\main\AndroidManifest.xml:241:13-60
activity#com.example.sjqcjstock.Activity.weekrankingnewdetailActivity
ADDED from src\main\AndroidManifest.xml:243:9-245:40
	android:label
		ADDED from src\main\AndroidManifest.xml:245:13-37
	android:name
		ADDED from src\main\AndroidManifest.xml:244:13-66
activity#com.example.sjqcjstock.Activity.discussarea.commentlongdiscussareaweiboActivity
ADDED from src\main\AndroidManifest.xml:246:9-249:71
	android:label
		ADDED from src\main\AndroidManifest.xml:248:13-36
	android:windowSoftInputMode
		ADDED from src\main\AndroidManifest.xml:249:13-68
	android:name
		ADDED from src\main\AndroidManifest.xml:247:13-85
activity#com.example.sjqcjstock.Activity.discussarea.commentshortdisscussareaweiboActivity
ADDED from src\main\AndroidManifest.xml:250:9-253:71
	android:label
		ADDED from src\main\AndroidManifest.xml:252:13-36
	android:windowSoftInputMode
		ADDED from src\main\AndroidManifest.xml:253:13-68
	android:name
		ADDED from src\main\AndroidManifest.xml:251:13-87
activity#com.example.sjqcjstock.Activity.bindingweixinActivity
ADDED from src\main\AndroidManifest.xml:254:9-256:38
	android:label
		ADDED from src\main\AndroidManifest.xml:256:13-35
	android:name
		ADDED from src\main\AndroidManifest.xml:255:13-59
activity#com.example.sjqcjstock.Activity.bindingregistweixinActivity
ADDED from src\main\AndroidManifest.xml:257:9-259:40
	android:label
		ADDED from src\main\AndroidManifest.xml:259:13-37
	android:name
		ADDED from src\main\AndroidManifest.xml:258:13-65
activity#com.example.sjqcjstock.Activity.UpdateNicknameActivity
ADDED from src\main\AndroidManifest.xml:260:9-262:37
	android:label
		ADDED from src\main\AndroidManifest.xml:262:13-34
	android:name
		ADDED from src\main\AndroidManifest.xml:261:13-60
activity#com.example.sjqcjstock.Activity.systemMessageActivity
ADDED from src\main\AndroidManifest.xml:263:9-265:36
	android:label
		ADDED from src\main\AndroidManifest.xml:265:13-33
	android:name
		ADDED from src\main\AndroidManifest.xml:264:13-59
activity#com.example.sjqcjstock.Activity.CrystalBwaterActivity
ADDED from src\main\AndroidManifest.xml:266:9-268:37
	android:label
		ADDED from src\main\AndroidManifest.xml:268:13-34
	android:name
		ADDED from src\main\AndroidManifest.xml:267:13-59
activity#com.example.sjqcjstock.Activity.AgreementActivity
ADDED from src\main\AndroidManifest.xml:269:9-271:38
	android:label
		ADDED from src\main\AndroidManifest.xml:271:13-35
	android:name
		ADDED from src\main\AndroidManifest.xml:270:13-55
activity#com.example.sjqcjstock.Activity.advertUrlActivity
ADDED from src\main\AndroidManifest.xml:272:9-274:42
	android:label
		ADDED from src\main\AndroidManifest.xml:274:13-39
	android:name
		ADDED from src\main\AndroidManifest.xml:273:13-55
activity#com.example.sjqcjstock.Activity.RewardListAcitivity
ADDED from src\main\AndroidManifest.xml:275:9-277:43
	android:label
		ADDED from src\main\AndroidManifest.xml:277:13-40
	android:name
		ADDED from src\main\AndroidManifest.xml:276:13-57
activity#com.example.sjqcjstock.Activity.ForgotPassWordActivity
ADDED from src\main\AndroidManifest.xml:278:9-280:40
	android:label
		ADDED from src\main\AndroidManifest.xml:280:17-37
	android:name
		ADDED from src\main\AndroidManifest.xml:279:13-60
activity#com.example.sjqcjstock.Activity.RechargeActivity
ADDED from src\main\AndroidManifest.xml:281:9-283:40
	android:label
		ADDED from src\main\AndroidManifest.xml:283:17-37
	android:name
		ADDED from src\main\AndroidManifest.xml:282:13-54
activity#com.example.sjqcjstock.Activity.CrystalCoinActivity
ADDED from src\main\AndroidManifest.xml:284:9-286:41
	android:label
		ADDED from src\main\AndroidManifest.xml:286:17-38
	android:name
		ADDED from src\main\AndroidManifest.xml:285:13-57
activity#com.example.sjqcjstock.Activity.ShowWebImageActivity
ADDED from src\main\AndroidManifest.xml:287:9-289:43
	android:label
		ADDED from src\main\AndroidManifest.xml:289:17-40
	android:name
		ADDED from src\main\AndroidManifest.xml:288:13-58
activity#com.example.sjqcjstock.Activity.ActivityMessage
ADDED from src\main\AndroidManifest.xml:290:9-292:42
	android:label
		ADDED from src\main\AndroidManifest.xml:292:17-39
	android:name
		ADDED from src\main\AndroidManifest.xml:291:13-53
activity#com.example.sjqcjstock.Activity.SearchActivity
ADDED from src\main\AndroidManifest.xml:293:9-296:20
	android:label
		ADDED from src\main\AndroidManifest.xml:295:13-35
	android:name
		ADDED from src\main\AndroidManifest.xml:294:13-52
activity#com.example.sjqcjstock.Activity.MyAttentionActivity
ADDED from src\main\AndroidManifest.xml:297:9-300:20
	android:label
		ADDED from src\main\AndroidManifest.xml:299:13-33
	android:name
		ADDED from src\main\AndroidManifest.xml:298:13-79
activity#com.example.sjqcjstock.Activity.stocks.SharesDetailedActivity
ADDED from src\main\AndroidManifest.xml:303:9-305:42
	android:label
		ADDED from src\main\AndroidManifest.xml:305:17-39
	android:name
		ADDED from src\main\AndroidManifest.xml:304:13-67
activity#com.example.sjqcjstock.Activity.stocks.BusinessActivity
ADDED from src\main\AndroidManifest.xml:306:9-308:40
	android:label
		ADDED from src\main\AndroidManifest.xml:308:17-37
	android:name
		ADDED from src\main\AndroidManifest.xml:307:13-61
activity#com.example.sjqcjstock.Activity.stocks.QueryActivity
ADDED from src\main\AndroidManifest.xml:309:9-311:42
	android:label
		ADDED from src\main\AndroidManifest.xml:311:17-39
	android:name
		ADDED from src\main\AndroidManifest.xml:310:13-58
activity#com.example.sjqcjstock.Activity.stocks.DayDealActivity
ADDED from src\main\AndroidManifest.xml:312:9-314:38
	android:label
		ADDED from src\main\AndroidManifest.xml:314:13-35
	android:name
		ADDED from src\main\AndroidManifest.xml:313:13-60
activity#com.example.sjqcjstock.Activity.stocks.DayCommissionActivity
ADDED from src\main\AndroidManifest.xml:315:9-317:38
	android:label
		ADDED from src\main\AndroidManifest.xml:317:13-35
	android:name
		ADDED from src\main\AndroidManifest.xml:316:13-66
activity#com.example.sjqcjstock.Activity.stocks.HistoryDealActivity
ADDED from src\main\AndroidManifest.xml:318:9-320:38
	android:label
		ADDED from src\main\AndroidManifest.xml:320:13-35
	android:name
		ADDED from src\main\AndroidManifest.xml:319:13-64
activity#com.example.sjqcjstock.Activity.stocks.HistoryCommissionActivity
ADDED from src\main\AndroidManifest.xml:321:9-323:38
	android:label
		ADDED from src\main\AndroidManifest.xml:323:13-35
	android:name
		ADDED from src\main\AndroidManifest.xml:322:13-70
activity#com.example.sjqcjstock.Activity.stocks.MyDealAccountActivity
ADDED from src\main\AndroidManifest.xml:324:9-326:38
	android:label
		ADDED from src\main\AndroidManifest.xml:326:13-35
	android:name
		ADDED from src\main\AndroidManifest.xml:325:13-66
activity#com.example.sjqcjstock.Activity.stocks.TransactionDetailActivity
ADDED from src\main\AndroidManifest.xml:327:9-329:42
	android:label
		ADDED from src\main\AndroidManifest.xml:329:13-39
	android:name
		ADDED from src\main\AndroidManifest.xml:328:13-70
activity#com.example.sjqcjstock.Activity.stocks.ExpertLists
ADDED from src\main\AndroidManifest.xml:330:9-332:37
	android:label
		ADDED from src\main\AndroidManifest.xml:332:13-34
	android:name
		ADDED from src\main\AndroidManifest.xml:331:13-56
activity#com.example.sjqcjstock.Activity.stocks.SimulationGameActivity
ADDED from src\main\AndroidManifest.xml:333:9-335:38
	android:label
		ADDED from src\main\AndroidManifest.xml:335:13-35
	android:name
		ADDED from src\main\AndroidManifest.xml:334:13-67
activity#com.example.sjqcjstock.Activity.stocks.SimulationGameDetailsActivity
ADDED from src\main\AndroidManifest.xml:336:9-338:40
	android:label
		ADDED from src\main\AndroidManifest.xml:338:13-37
	android:name
		ADDED from src\main\AndroidManifest.xml:337:13-74
activity#com.example.sjqcjstock.Activity.stocks.UserDetailNewActivity
ADDED from src\main\AndroidManifest.xml:339:9-341:41
	android:label
		ADDED from src\main\AndroidManifest.xml:341:13-38
	android:name
		ADDED from src\main\AndroidManifest.xml:340:13-66
receiver#com.example.sjqcjstock.AppRegister
ADDED from src\main\AndroidManifest.xml:343:9-349:20
	android:permission
		ADDED from src\main\AndroidManifest.xml:345:13-71
	android:name
		ADDED from src\main\AndroidManifest.xml:344:13-40
intent-filter#com.tencent.mm.plugin.openapi.Intent.ACTION_REFRESH_WXAPP
ADDED from src\main\AndroidManifest.xml:346:13-348:29
action#com.tencent.mm.plugin.openapi.Intent.ACTION_REFRESH_WXAPP
ADDED from src\main\AndroidManifest.xml:347:17-100
	android:name
		ADDED from src\main\AndroidManifest.xml:347:25-97
meta-data#com.google.android.gms.version
ADDED from src\main\AndroidManifest.xml:353:9-355:69
MERGED from [com.google.android.gms:play-services-basement:8.1.0] AndroidManifest.xml:21:9-23:69
	android:value
		ADDED from src\main\AndroidManifest.xml:355:13-66
	android:name
		ADDED from src\main\AndroidManifest.xml:354:13-58
activity#com.mob.tools.MobUIShell
ADDED from src\main\AndroidManifest.xml:359:9-377:20
	android:screenOrientation
		ADDED from src\main\AndroidManifest.xml:363:13-49
	android:windowSoftInputMode
		ADDED from src\main\AndroidManifest.xml:364:13-67
	android:configChanges
		ADDED from src\main\AndroidManifest.xml:362:13-74
	android:theme
		ADDED from src\main\AndroidManifest.xml:361:13-72
	android:name
		ADDED from src\main\AndroidManifest.xml:360:13-52
intent-filter#android.intent.category.DEFAULT+com.sina.weibo.sdk.action.ACTION_SDK_REQ_ACTIVITY
ADDED from src\main\AndroidManifest.xml:373:13-376:29
action#com.sina.weibo.sdk.action.ACTION_SDK_REQ_ACTIVITY
ADDED from src\main\AndroidManifest.xml:374:17-92
	android:name
		ADDED from src\main\AndroidManifest.xml:374:25-89
activity#cn.sharesdk.demo.wxapi.WXEntryActivity
ADDED from src\main\AndroidManifest.xml:380:9-385:52
	android:screenOrientation
		ADDED from src\main\AndroidManifest.xml:385:13-49
	android:exported
		ADDED from src\main\AndroidManifest.xml:384:13-36
	android:configChanges
		ADDED from src\main\AndroidManifest.xml:383:13-74
	android:theme
		ADDED from src\main\AndroidManifest.xml:382:13-72
	android:name
		ADDED from src\main\AndroidManifest.xml:381:13-66
uses-permission#android.permission.ACCESS_NETWORK_STATE
ADDED from src\main\AndroidManifest.xml:391:5-79
	android:name
		ADDED from src\main\AndroidManifest.xml:391:22-76
uses-permission#android.permission.INTERNET
ADDED from src\main\AndroidManifest.xml:392:5-67
	android:name
		ADDED from src\main\AndroidManifest.xml:392:22-64
uses-permission#com.android.launcher.permission.READ_SETTINGS
ADDED from src\main\AndroidManifest.xml:393:5-85
	android:name
		ADDED from src\main\AndroidManifest.xml:393:22-82
uses-permission#android.permission.WAKE_LOCK
ADDED from src\main\AndroidManifest.xml:394:5-68
	android:name
		ADDED from src\main\AndroidManifest.xml:394:22-65
uses-permission#android.permission.CHANGE_WIFI_STATE
ADDED from src\main\AndroidManifest.xml:395:5-76
	android:name
		ADDED from src\main\AndroidManifest.xml:395:22-73